{
  "RSpec": {
    "coverage": {
      "/myapp/app/models/user.rb": {
        "lines": [
          null,
          null,
          1,
          null,
          null,
          1,
          1,
          null,
          null,
          1,
          1,
          1,
          1,
          1,
          1,
          1,
          1,
          null,
          1,
          1,
          83,
          null,
          null,
          1,
          83,
          83,
          83,
          null,
          83,
          null,
          83,
          null,
          83,
          null,
          83,
          83,
          83,
          null,
          null,
          1,
          83,
          83,
          null,
          null
        ]
      },
      "/myapp/app/models/application_record.rb": {
        "lines": [
          null,
          null,
          1,
          1,
          null
        ]
      },
      "/myapp/app/helpers/application_helper.rb": {
        "lines": [
          null,
          null,
          1,
          null
        ]
      },
      "/myapp/app/helpers/blocks_helper.rb": {
        "lines": [
          null,
          null,
          1,
          null
        ]
      },
      "/myapp/app/helpers/chains_helper.rb": {
        "lines": [
          null,
          null,
          1,
          null
        ]
      },
      "/myapp/app/helpers/contracts_helper.rb": {
        "lines": [
          null,
          null,
          1,
          null
        ]
      },
      "/myapp/app/helpers/pools_helper.rb": {
        "lines": [
          null,
          null,
          1,
          null
        ]
      },
      "/myapp/app/helpers/signatures_helper.rb": {
        "lines": [
          null,
          null,
          1,
          null
        ]
      },
      "/myapp/app/helpers/tickets_helper.rb": {
        "lines": [
          null,
          null,
          1,
          null
        ]
      },
      "/myapp/app/helpers/transactions_helper.rb": {
        "lines": [
          null,
          null,
          1,
          null
        ]
      },
      "/myapp/app/helpers/wallets_helper.rb": {
        "lines": [
          null,
          null,
          1,
          null
        ]
      },
      "/myapp/app/controllers/application_controller.rb": {
        "lines": [
          null,
          null,
          null,
          1,
          1,
          1,
          1,
          1,
          null,
          null,
          1,
          1,
          null,
          null,
          1,
          0,
          0,
          0,
          0,
          null,
          null,
          1,
          null,
          null,
          1,
          null,
          1,
          1,
          35,
          null,
          null,
          1,
          36,
          null,
          null,
          1,
          105,
          null,
          null,
          1,
          35,
          null,
          null,
          1,
          35,
          null,
          null,
          1,
          35,
          null,
          null,
          1,
          35,
          null,
          null,
          1,
          35,
          null,
          null,
          1,
          35,
          null,
          null,
          1,
          35,
          null,
          null,
          1,
          1,
          1,
          null,
          null
        ]
      },
      "/myapp/app/controllers/transactions_controller.rb": {
        "lines": [
          null,
          null,
          1,
          1,
          1,
          null,
          null,
          1,
          1,
          null,
          null,
          null,
          1,
          null,
          null,
          null,
          1,
          2,
          null,
          null,
          null,
          1,
          1,
          1,
          1,
          1,
          1,
          null,
          null,
          1,
          1,
          1,
          1,
          null,
          null,
          1,
          1,
          null,
          null,
          1,
          1,
          null,
          null,
          null,
          1,
          2,
          null,
          null
        ]
      },
      "/myapp/app/controllers/users/confirmations_controller.rb": {
        "lines": [
          null,
          null,
          1,
          null,
          null,
          null,
          null,
          null,
          null,
          null,
          null,
          null,
          null,
          null,
          null,
          null,
          null,
          null,
          null,
          null,
          null,
          null,
          null,
          null,
          null,
          null,
          null,
          null,
          null,
          null
        ]
      },
      "/myapp/app/controllers/users/omniauth_callbacks_controller.rb": {
        "lines": [
          null,
          null,
          1,
          null,
          null,
          null,
          null,
          null,
          null,
          null,
          null,
          null,
          null,
          null,
          null,
          null,
          null,
          null,
          null,
          null,
          null,
          null,
          null,
          null,
          null,
          null,
          null,
          null,
          null,
          null
        ]
      },
      "/myapp/app/controllers/users/passwords_controller.rb": {
        "lines": [
          null,
          null,
          1,
          null,
          null,
          null,
          null,
          null,
          null,
          null,
          null,
          null,
          null,
          null,
          null,
          null,
          null,
          null,
          null,
          null,
          null,
          null,
          null,
          null,
          null,
          null,
          null,
          null,
          null,
          null,
          null,
          null,
          null,
          null
        ]
      },
      "/myapp/app/controllers/users/registrations_controller.rb": {
        "lines": [
          null,
          null,
          1,
          1,
          null,
          null,
          null,
          null,
          null,
          null,
          null,
          null,
          1,
          1,
          null,
          null,
          null,
          null,
          null,
          null,
          null,
          null,
          null,
          null,
          null,
          null,
          null,
          null,
          null,
          null,
          null,
          null,
          null,
          null,
          null,
          null,
          null,
          null,
          null,
          null,
          1,
          null,
          1,
          1,
          null,
          null,
          null,
          null,
          null,
          null,
          null,
          null,
          1,
          1,
          null,
          null,
          null,
          null,
          null,
          null,
          null
        ]
      },
      "/myapp/app/controllers/users/sessions_controller.rb": {
        "lines": [
          null,
          null,
          1,
          null,
          null,
          null,
          null,
          null,
          null,
          null,
          null,
          null,
          null,
          null,
          null,
          null,
          null,
          null,
          null,
          null,
          null,
          null,
          null,
          null,
          null,
          null,
          null
        ]
      },
      "/myapp/app/controllers/users/unlocks_controller.rb": {
        "lines": [
          null,
          null,
          1,
          null,
          null,
          null,
          null,
          null,
          null,
          null,
          null,
          null,
          null,
          null,
          null,
          null,
          null,
          null,
          null,
          null,
          null,
          null,
          null,
          null,
          null,
          null,
          null,
          null,
          null,
          null
        ]
      },
      "/myapp/app/controllers/wallets_controller.rb": {
        "lines": [
          null,
          null,
          1,
          1,
          1,
          null,
          1,
          2,
          null,
          null,
          1,
          null,
          null,
          1,
          1,
          1,
          null,
          null
        ]
      },
      "/myapp/app/mailers/application_mailer.rb": {
        "lines": [
          null,
          null,
          1,
          1,
          1,
          null
        ]
      },
      "/myapp/app/models/acceptable_number_sequence.rb": {
        "lines": [
          null,
          null,
          1,
          null
        ]
      },
      "/myapp/app/models/acceptable_symbol_sequence.rb": {
        "lines": [
          null,
          null,
          1,
          null
        ]
      },
      "/myapp/app/models/acceptable_word.rb": {
        "lines": [
          null,
          null,
          1,
          null
        ]
      },
      "/myapp/app/models/block.rb": {
        "lines": [
          null,
          null,
          1,
          1,
          1,
          1,
          1,
          1,
          1,
          1,
          1,
          null,
          1,
          1,
          72,
          null,
          null
        ]
      },
      "/myapp/app/models/chain.rb": {
        "lines": [
          null,
          null,
          1,
          1,
          1,
          1,
          1,
          null,
          1,
          null
        ]
      },
      "/myapp/app/models/contract.rb": {
        "lines": [
          null,
          null,
          1,
          1,
          1,
          1,
          null
        ]
      },
      "/myapp/app/models/pool.rb": {
        "lines": [
          null,
          null,
          1,
          1,
          null
        ]
      },
      "/myapp/app/models/signature.rb": {
        "lines": [
          null,
          null,
          1,
          1,
          1,
          1,
          1,
          null,
          null,
          null,
          null,
          null
        ]
      },
      "/myapp/app/models/ticket.rb": {
        "lines": [
          null,
          null,
          1,
          1,
          1,
          1,
          1,
          1,
          null,
          1,
          null
        ]
      },
      "/myapp/app/models/transaction.rb": {
        "lines": [
          null,
          null,
          1,
          1,
          1,
          1,
          1,
          1,
          1,
          1,
          1,
          1,
          null,
          1,
          2,
          null,
          null,
          1,
          2,
          null,
          null,
          1,
          57,
          null,
          null
        ]
      },
      "/myapp/app/models/concerns/wallet_exists_validator.rb": {
        "lines": [
          null,
          null,
          1,
          1,
          67,
          13,
          null,
          null,
          67,
          13,
          null,
          null,
          null
        ]
      },
      "/myapp/app/models/wallet.rb": {
        "lines": [
          null,
          null,
          1,
          1,
          null,
          1,
          1,
          1,
          null,
          1,
          null,
          1,
          null,
          null,
          1,
          null,
          1,
          71,
          69,
          69,
          null,
          null,
          71,
          71,
          null,
          71,
          1,
          null,
          70,
          70,
          null,
          null,
          null
        ]
      },
      "/myapp/lib/osbc/osbc.rb": {
        "lines": [
          null,
          null,
          1,
          1,
          1,
          null,
          null,
          1,
          null
        ]
      },
      "/myapp/lib/outerspace/blockchain.rb": {
        "lines": [
          null,
          null,
          1,
          null,
          1,
          1,
          1,
          null,
          null,
          null
        ]
      },
      "/myapp/lib/outerspace/blockchain/version.rb": {
        "lines": [
          null,
          null,
          1,
          1,
          1,
          null,
          null
        ]
      },
      "/myapp/app/controllers/api/v1/block_confirmations_controller.rb": {
        "lines": [
          null,
          null,
          1,
          1,
          1,
          1,
          null,
          1,
          2,
          1,
          null,
          null,
          1,
          1,
          null,
          null,
          1,
          1,
          2,
          null,
          null,
          1,
          1,
          1,
          null,
          null,
          1,
          1,
          null,
          null,
          1,
          1,
          null,
          null,
          1,
          1,
          null,
          null,
          1,
          1,
          null,
          null,
          1,
          3,
          null,
          null
        ]
      },
      "/myapp/app/controllers/api/v1/application_controller.rb": {
        "lines": [
          null,
          null,
          1,
          1,
          12,
          null,
          null,
          1,
          4,
          4,
          null,
          null,
          1,
          1,
          null,
          1,
          12,
          12,
          12,
          12,
          10,
          null,
          null,
          1,
          3,
          null,
          null,
          1,
          5,
          null,
          null,
          1,
          1,
          null,
          null,
          1,
          1,
          null,
          null,
          1,
          3,
          null,
          null,
          1,
          6,
          null,
          null,
          1,
          1,
          null,
          null,
          1,
          6,
          null,
          null,
          1,
          5,
          null,
          null,
          1,
          4,
          null,
          null,
          1,
          1,
          null,
          null
        ]
      },
      "/myapp/app/controllers/api/v1/ticket_manager_controller.rb": {
        "lines": [
          null,
          null,
          1,
          1,
          1,
          null,
          1,
          3,
          2,
          2,
          1,
          1,
          null,
          null,
          null,
          1,
          1,
          6,
          null,
          null,
          1,
          2,
          0,
          null,
          null,
          1,
          1,
          null,
          null,
          1,
          3,
          null,
          null,
          1,
          1,
          null,
          null,
          1,
          1,
          null,
          null,
          1,
          1,
          null,
          null,
          1,
          3,
          null,
          null,
          1,
          1,
          null,
          null,
          1,
          1,
          null,
          null,
          1,
          1,
          null,
          null,
          1,
          1,
          null,
          null
        ]
      },
      "/myapp/app/controllers/blocks_controller.rb": {
        "lines": [
          null,
          null,
          1,
          1,
          null,
          null,
          1,
          1,
          null,
          null,
          null,
          1,
          null,
          null,
          1,
          null,
          1,
          1,
          null,
          null
        ]
      },
      "/myapp/app/controllers/chains_controller.rb": {
        "lines": [
          null,
          null,
          1,
          1,
          null,
          null,
          1,
          1,
          null,
          null,
          null,
          1,
          null,
          null,
          null,
          1,
          1,
          null,
          null,
          null,
          1,
          null,
          null,
          null,
          1,
          4,
          null,
          4,
          4,
          4,
          2,
          null,
          4,
          2,
          null,
          null,
          null,
          null,
          null,
          1,
          3,
          3,
          4,
          2,
          null,
          2,
          1,
          null,
          null,
          null,
          null,
          null,
          1,
          2,
          null,
          2,
          4,
          2,
          null,
          null,
          null,
          1,
          null,
          1,
          7,
          null,
          null,
          null,
          1,
          7,
          null,
          null
        ]
      },
      "/myapp/app/controllers/contracts_controller.rb": {
        "lines": [
          null,
          null,
          1,
          1,
          null,
          null,
          1,
          1,
          null,
          null,
          null,
          1,
          null,
          null,
          1,
          null,
          1,
          1,
          null,
          null
        ]
      },
      "/myapp/app/controllers/pools_controller.rb": {
        "lines": [
          null,
          null,
          1,
          1,
          1,
          null,
          null,
          1,
          0,
          null,
          null,
          null,
          1,
          null,
          null,
          1,
          null,
          1,
          1,
          null,
          null
        ]
      },
      "/myapp/app/controllers/signatures_controller.rb": {
        "lines": [
          null,
          null,
          1,
          1,
          null,
          null,
          1,
          1,
          null,
          null,
          null,
          1,
          null,
          null,
          1,
          null,
          1,
          1,
          null,
          null
        ]
      },
      "/myapp/app/controllers/tickets_controller.rb": {
        "lines": [
          null,
          null,
          1,
          1,
          1,
          null,
          null,
          1,
          0,
          null,
          null,
          null,
          1,
          null,
          null,
          null,
          1,
          0,
          null,
          null,
          null,
          1,
          0,
          0,
          0,
          null,
          null,
          1,
          1,
          0,
          null,
          null,
          1,
          1,
          null,
          null,
          1,
          0,
          null,
          null,
          1,
          0,
          null,
          null,
          null,
          1,
          0,
          null,
          null
        ]
      },
      "/myapp/app/services/application_service.rb": {
        "lines": [
          null,
          null,
          1,
          1,
          1,
          1,
          1,
          1,
          null,
          null,
          null,
          1,
          0,
          null,
          null,
          1,
          12,
          null,
          null,
          1,
          1,
          null,
          null
        ]
      },
      "/myapp/app/services/assign_contracts_service.rb": {
        "lines": [
          null,
          null,
          1,
          1,
          11,
          11,
          null,
          null,
          1,
          11,
          null,
          null,
          1,
          1,
          null,
          1,
          236,
          null,
          null,
          1,
          22,
          null,
          null,
          1,
          184,
          null,
          null,
          1,
          150,
          null,
          null,
          1,
          10,
          null,
          null,
          1,
          300,
          null,
          null,
          1,
          2,
          null,
          null,
          null,
          null,
          1,
          10,
          2,
          2,
          2,
          2,
          2,
          2,
          null,
          null,
          1,
          77,
          null,
          null,
          1,
          75,
          null,
          null,
          1,
          86,
          null,
          null,
          1,
          2,
          null,
          null,
          1,
          75,
          null,
          null,
          1,
          85,
          null,
          null,
          1,
          2,
          2,
          2,
          2,
          20,
          10,
          10,
          10,
          10,
          null,
          20,
          20,
          20,
          null,
          null,
          2,
          null,
          null,
          1,
          4,
          null,
          null,
          1,
          2,
          2,
          2,
          2,
          2,
          10,
          10,
          10,
          2,
          2,
          null,
          8,
          null,
          null,
          2,
          2,
          2,
          2,
          2,
          null,
          null,
          null,
          1,
          75,
          75,
          null,
          null,
          1,
          75,
          75,
          null,
          null,
          1,
          75,
          75,
          75,
          null,
          null,
          1,
          75,
          75,
          null,
          null,
          1,
          11,
          11,
          null,
          null,
          1,
          11,
          75,
          75,
          null,
          11,
          11,
          75,
          null,
          null,
          null
        ]
      },
      "/myapp/app/services/create_wallet_service.rb": {
        "lines": [
          null,
          null,
          1,
          1,
          2,
          null,
          null,
          null,
          1,
          2,
          2,
          null,
          null,
          1,
          1,
          null,
          1,
          2,
          null,
          null
        ]
      },
      "/myapp/app/services/transaction_to_block_service.rb": {
        "lines": [
          null,
          null,
          1,
          1,
          3,
          3,
          3,
          3,
          null,
          null,
          1,
          3,
          null,
          null,
          1,
          1,
          null,
          1,
          4,
          3,
          2,
          2,
          2,
          2,
          null,
          1,
          1,
          null,
          null,
          null,
          1,
          11,
          null,
          null,
          1,
          4,
          null,
          null,
          1,
          2,
          null,
          null,
          1,
          6,
          null,
          null,
          1,
          3,
          null,
          null,
          1,
          2,
          null,
          null,
          1,
          4,
          null,
          null,
          1,
          1,
          null,
          null
        ]
      },
      "/myapp/lib/tasks/task_helpers/compose_taskhelper.rb": {
        "lines": [
          null,
          null,
          1,
          null,
          null,
          1,
          1,
          1,
          null,
          null,
          1,
          1,
          1,
          1,
          1,
          2,
          2,
          null,
          1,
          0,
          null,
          null
        ]
      },
      "/myapp/lib/tasks/task_helpers/taskhelper.rb": {
        "lines": [
          null,
          null,
          1,
          1,
          1,
          1,
          1,
          null,
          null,
          null,
          1,
          1,
          0,
          0,
          0,
          null,
          null,
          null,
          1,
          0,
          null,
          null,
          null
        ]
      },
      "/myapp/app/workers/application_worker.rb": {
        "lines": [
          null,
          null,
          1,
          1,
          1,
          null,
          1,
          1,
          3,
          null,
          null,
          null,
          1,
          1,
          1,
          null,
          null,
          null,
          1,
          1,
          2,
          null,
          null,
          null,
          1,
          1,
          1,
          null,
          null,
          null,
          1,
          1,
          2,
          null,
          null,
          null,
          1,
          null,
          1,
          4,
          1,
          null,
          null,
          null,
          1,
          1,
          null,
          null,
          1,
          3,
          null,
          null,
          1,
          1,
          1,
          1,
          1,
          null,
          null,
          null,
          1,
          2,
          null,
          null,
          1,
          0,
          null,
          null,
          1,
          5,
          null,
          1,
          null,
          null,
          1,
          10,
          null,
          null,
          1,
          1,
          null,
          null
        ]
      },
      "/myapp/app/workers/create_wallet_worker.rb": {
        "lines": [
          null,
          null,
          null,
          1,
          1,
          null,
          1,
          2,
          2,
          1,
          1,
          null,
          null,
          null,
          1,
          1,
          null,
          1,
          1,
          null,
          null
        ]
      },
      "/myapp/app/workers/transaction_to_block_worker.rb": {
        "lines": [
          null,
          null,
          1,
          1,
          null,
          1,
          5,
          5,
          5,
          5,
          5,
          null,
          null,
          1,
          1,
          null,
          1,
          5,
          4,
          3,
          1,
          1,
          1,
          null,
          null,
          null,
          1,
          4,
          null,
          null,
          1,
          1,
          1,
          null,
          null,
          1,
          5,
          null,
          null,
          1,
          3,
          3,
          null,
          null,
          1,
          1,
          null,
          null
        ]
      },
      "/myapp/app/workers/assign_contract_worker.rb": {
        "lines": [
          null,
          null,
          1,
          1,
          0,
          0,
          null,
          null,
          1,
          1,
          null,
          1,
          0,
          null,
          null,
          1,
          0,
          null,
          null,
          1,
          0,
          null,
          null,
          1,
          0,
          null,
          null
        ]
      },
      "/myapp/app/workers/create_ticket_worker.rb": {
        "lines": [
          null,
          null,
          1,
          1,
          1,
          null,
          1,
          0,
          0,
          0,
          0,
          0,
          0,
          0,
          null,
          null,
          null,
          1,
          1,
          null,
          1,
          0,
          null,
          null
        ]
      },
      "/myapp/app/models/concerns/sequences_validator.rb": {
        "lines": [
          null,
          null,
          0,
          0,
          0,
          0,
          0,
          0,
          0,
          0,
          null,
          0,
          0,
          null,
          0,
          0,
          0,
          null,
          0,
          0,
          0,
          null,
          0,
          0,
          0,
          null,
          0,
          0,
          0,
          0
        ],
        "branches": {
        }
      },
      "/myapp/app/services/create_ticket_service.rb": {
        "lines": [
          null,
          null,
          0,
          0,
          0,
          0,
          0,
          0,
          null,
          0,
          0,
          0,
          0,
          0,
          0,
          0,
          0,
          0,
          0,
          null,
          0,
          0,
          null,
          0,
          0,
          0,
          null,
          0,
          0,
          0,
          null,
          0,
          0,
          0,
          null,
          0,
          0,
          0,
          null,
          0,
          0,
          0,
          null,
          0,
          0,
          0,
          null,
          0,
          0,
          0,
          null,
          0,
          0,
          0,
          0,
          0,
          0,
          0,
          0,
          null,
          0,
          0,
          0,
          0,
          0,
          0,
          0,
          0,
          0,
          null,
          0,
          0,
          0,
          null,
          0,
          0,
          0,
          0,
          0,
          0,
          0,
          0,
          null,
          0,
          0,
          0,
          0
        ],
        "branches": {
        }
      }
    },
    "timestamp": 1669384840
  }
}
